<?xml version="1.0" encoding="UTF-8" standalone="yes" ?>
<test-results name="Z:\Delphi\OTUS\Квадратное уравнение\Win32\Debug\QuadraticEquationTest.exe" total="1" errors="0" failures="0" ignored="0" inconclusive="0" not-run="0" skipped="0" invalid="0" date="2023-03-27" time="0.012">
  <culture-info current-culture="en" current-uiculture="en" />
  <test-suite type="Assembly" name="QuadraticEquationTest.exe" executed="true" result="Success" success="True" time="0.012" asserts="0">
    <results>
        <test-suite type="Namespace" name="UQuadraticEquationTest" executed="true" result="Success" success="True" time="0.012" asserts="0" >
          <results>
              <test-suite type="Fixture" name="TMyTestObject" executed="True" result="Success" success="True" time="0.012" >
                <results>
                  <test-case name="Test1.TestA" executed="True" result="Success" success="True" time="0.000" asserts="0" />
                </results>
              </test-suite>
          </results>
        </test-suite>
    </results>
  </test-suite>
</test-results>
