<?xml version="1.0" encoding="UTF-8" standalone="yes" ?>
<test-results name="d:\DoctorS\Documents\Delphi\OTUS_00\Win32\Debug\QuadraticEquationTest.exe" total="5" errors="0" failures="0" ignored="0" inconclusive="0" not-run="0" skipped="0" invalid="0" date="2023-03-27" time="0.001">
  <culture-info current-culture="en" current-uiculture="en" />
  <test-suite type="Assembly" name="QuadraticEquationTest.exe" executed="true" result="Success" success="True" time="0.001" asserts="0">
    <results>
        <test-suite type="Namespace" name="UQuadraticEquationTest" executed="true" result="Success" success="True" time="0.001" asserts="0" >
          <results>
              <test-suite type="Fixture" name="TMyTestObject" executed="True" result="Success" success="True" time="0.001" >
                <results>
                  <test-case name="Test1.Test1" executed="True" result="Success" success="True" time="0.000" asserts="0" />
                  <test-case name="Test2.Test2" executed="True" result="Success" success="True" time="0.000" asserts="0" />
                  <test-case name="Test2.Test4" executed="True" result="Success" success="True" time="0.000" asserts="0" />
                  <test-case name="Test3.Test3" executed="True" result="Success" success="True" time="0.000" asserts="0" />
                  <test-case name="Test3.Test5" executed="True" result="Success" success="True" time="0.000" asserts="0" />
                </results>
              </test-suite>
          </results>
        </test-suite>
    </results>
  </test-suite>
</test-results>
